\BOOKMARK [1][-]{section*.1}{About}{}% 1
\BOOKMARK [1][-]{section*.2}{For the User}{}% 2
\BOOKMARK [2][-]{subsection*.3}{Questions}{section*.2}% 3
\BOOKMARK [3][-]{subsubsection*.4}{On Numbering}{subsection*.3}% 4
\BOOKMARK [3][-]{subsubsection*.5}{Question}{subsection*.3}% 5
\BOOKMARK [3][-]{subsubsection*.6}{Problem}{subsection*.3}% 6
\BOOKMARK [3][-]{subsubsection*.7}{Exercise}{subsection*.3}% 7
\BOOKMARK [3][-]{subsubsection*.8}{Exploration}{subsection*.3}% 8
\BOOKMARK [2][-]{subsection*.9}{Answers}{section*.2}% 9
\BOOKMARK [3][-]{subsubsection*.10}{Short Answer}{subsection*.9}% 10
\BOOKMARK [3][-]{subsubsection*.11}{Multiple Choice}{subsection*.9}% 11
\BOOKMARK [3][-]{subsubsection*.12}{Free Response}{subsection*.9}% 12
\BOOKMARK [2][-]{subsection*.13}{Shuffle}{section*.2}% 13
\BOOKMARK [2][-]{subsection*.14}{Grading}{section*.2}% 14
\BOOKMARK [1][-]{section*.15}{For the Developer}{}% 15
\BOOKMARK [2][-]{subsection*.16}{Question Environments}{section*.15}% 16
\BOOKMARK [3][-]{subsubsection*.17}{To add a new form of question}{subsection*.16}% 17
\BOOKMARK [3][-]{subsubsection*.18}{The problemEnvironConfig command}{subsection*.16}% 18
\BOOKMARK [2][-]{subsection*.19}{On Numbering}{section*.15}% 19
\BOOKMARK [2][-]{subsection*.20}{Shuffle}{section*.15}% 20
\BOOKMARK [2][-]{subsection*.21}{Answer Environments}{section*.15}% 21
\BOOKMARK [1][-]{section*.22}{About this Documentation}{}% 22
\BOOKMARK [2][-]{subsection*.23}{Who to ask}{section*.22}% 23
\BOOKMARK [2][-]{subsection*.24}{Information Still Needed}{section*.22}% 24
